Filename: C:\Users\garci\PycharmProjects\EstructuraDeDatos\Proyecto1\InsertBthree.py

Line #    Mem usage    Increment  Occurrences   Line Contents
=============================================================
     7     93.0 MiB     93.0 MiB           1   @profile(stream=fp)
     8                                         def insert_bthree():
     9    184.1 MiB     91.1 MiB           1       product_df = pd.read_csv('product_df.csv')
    10                                         
    11    184.1 MiB      0.0 MiB           1       btree = BThree()
    12                                         
    13                                             # Assuming 'id' is the product_id and 'feature_vector' is your data vector
    14    639.1 MiB     12.2 MiB       44425       for index, row in product_df.iterrows():
    15    639.1 MiB     97.7 MiB       44424           feature_vector = row.drop('id').values
    16    639.1 MiB    334.0 MiB       44424           btree.insert(row['id'], feature_vector)
    17    639.1 MiB     11.1 MiB       44424           if index < 2:
    18    184.3 MiB      0.0 MiB           2               print(row['id'], feature_vector)


Filename: InsertBthree.py

Line #    Mem usage    Increment  Occurrences   Line Contents
=============================================================
     7     92.7 MiB     92.7 MiB           1   @profile(stream=fp)
     8                                         def insert_bthree():
     9    183.8 MiB     91.1 MiB           1       product_df = pd.read_csv('product_df.csv')
    10                                         
    11    183.8 MiB      0.0 MiB           1       btree = BThree()
    12                                         
    13                                             # Assuming 'id' is the product_id and 'feature_vector' is your data vector
    14    639.4 MiB     88.7 MiB       44425       for index, row in product_df.iterrows():
    15    639.4 MiB     97.1 MiB       44424           feature_vector = row.drop('id').values
    16    639.4 MiB    260.5 MiB       44424           btree.insert(row['id'], feature_vector)
    17    639.4 MiB      9.2 MiB       44424           if index < 2:
    18    184.1 MiB      0.0 MiB           2               print(row['id'], feature_vector)


Filename: InsertBthree.py

Line #    Mem usage    Increment  Occurrences   Line Contents
=============================================================
     7     92.8 MiB     92.8 MiB           1   @profile(stream=fp)
     8                                         def insert_bthree():
     9    183.0 MiB     90.2 MiB           1       product_df = pd.read_csv('product_df.csv')
    10                                         
    11    183.0 MiB      0.0 MiB           1       btree = BThree()
    12                                         
    13                                             # Assuming 'id' is the product_id and 'feature_vector' is your data vector
    14    639.2 MiB     88.7 MiB       44425       for index, row in product_df.iterrows():
    15    639.2 MiB     97.9 MiB       44424           feature_vector = row.drop('id').values
    16    639.2 MiB    260.4 MiB       44424           btree.insert(row['id'], feature_vector)
    17    639.2 MiB      9.2 MiB       44424           if index < 2:
    18    183.3 MiB      0.0 MiB           2               print(row['id'], feature_vector)


